# JRE version: OpenJDK Runtime Environment (8.0_152-b01) (build 1.8.0_152-release-915-b01)
# Java VM: OpenJDK 64-Bit Server VM (25.152-b01 mixed mode linux-amd64 compressed oops)
Heap:
 PSYoungGen      total 349696K, used 110773K [0x00000000e0000000, 0x0000000100000000, 0x0000000100000000)
  eden space 175104K, 0% used [0x00000000e0000000,0x00000000e0000000,0x00000000eab00000)
  from space 174592K, 63% used [0x00000000f5580000,0x00000000fc1ad658,0x0000000100000000)
  to   space 174592K, 0% used [0x00000000eab00000,0x00000000eab00000,0x00000000f5580000)
 ParOldGen       total 1001472K, used 877148K [0x00000000a0000000, 0x00000000dd200000, 0x00000000e0000000)
  object space 1001472K, 87% used [0x00000000a0000000,0x00000000d5897120,0x00000000dd200000)
 Metaspace       used 209460K, capacity 221676K, committed 224472K, reserved 1243136K
  class space    used 26981K, capacity 29966K, committed 30976K, reserved 1048576K
GC Heap History (10 events):
Event: 8463,862 GC heap after
Heap after GC invocations=96 (full 16):
 PSYoungGen      total 355328K, used 59549K [0x00000000e0000000, 0x0000000100000000, 0x0000000100000000)
  eden space 180736K, 0% used [0x00000000e0000000,0x00000000e0000000,0x00000000eb080000)
  from space 174592K, 34% used [0x00000000f5580000,0x00000000f8fa7590,0x0000000100000000)
  to   space 168960K, 0% used [0x00000000eb080000,0x00000000eb080000,0x00000000f5580000)
 ParOldGen       total 1001472K, used 820959K [0x00000000a0000000, 0x00000000dd200000, 0x00000000e0000000)
  object space 1001472K, 81% used [0x00000000a0000000,0x00000000d21b7cb8,0x00000000dd200000)
 Metaspace       used 195311K, capacity 206852K, committed 224472K, reserved 1243136K
  class space    used 25112K, capacity 27897K, committed 30976K, reserved 1048576K
}
Event: 8555,416 GC heap before
{Heap before GC invocations=97 (full 16):
 PSYoungGen      total 355328K, used 240285K [0x00000000e0000000, 0x0000000100000000, 0x0000000100000000)
  eden space 180736K, 100% used [0x00000000e0000000,0x00000000eb080000,0x00000000eb080000)
  from space 174592K, 34% used [0x00000000f5580000,0x00000000f8fa7590,0x0000000100000000)
  to   space 168960K, 0% used [0x00000000eb080000,0x00000000eb080000,0x00000000f5580000)
 ParOldGen       total 1001472K, used 820959K [0x00000000a0000000, 0x00000000dd200000, 0x00000000e0000000)
  object space 1001472K, 81% used [0x00000000a0000000,0x00000000d21b7cb8,0x00000000dd200000)
 Metaspace       used 195415K, capacity 207050K, committed 224472K, reserved 1243136K
  class space    used 25124K, capacity 27939K, committed 30976K, reserved 1048576K
Event: 8555,449 GC heap after
Heap after GC invocations=97 (full 16):
 PSYoungGen      total 242688K, used 61559K [0x00000000e0000000, 0x00000000fe680000, 0x0000000100000000)
  eden space 180736K, 0% used [0x00000000e0000000,0x00000000e0000000,0x00000000eb080000)
  from space 61952K, 99% used [0x00000000eb080000,0x00000000eec9de80,0x00000000eed00000)
  to   space 158720K, 0% used [0x00000000f4b80000,0x00000000f4b80000,0x00000000fe680000)
 ParOldGen       total 1001472K, used 820967K [0x00000000a0000000, 0x00000000dd200000, 0x00000000e0000000)
  object space 1001472K, 81% used [0x00000000a0000000,0x00000000d21b9cb8,0x00000000dd200000)
 Metaspace       used 195415K, capacity 207050K, committed 224472K, reserved 1243136K
  class space    used 25124K, capacity 27939K, committed 30976K, reserved 1048576K
}
Event: 9019,591 GC heap before
{Heap before GC invocations=98 (full 16):
 PSYoungGen      total 242688K, used 242295K [0x00000000e0000000, 0x00000000fe680000, 0x0000000100000000)
  eden space 180736K, 100% used [0x00000000e0000000,0x00000000eb080000,0x00000000eb080000)
  from space 61952K, 99% used [0x00000000eb080000,0x00000000eec9de80,0x00000000eed00000)
  to   space 158720K, 0% used [0x00000000f4b80000,0x00000000f4b80000,0x00000000fe680000)
 ParOldGen       total 1001472K, used 820967K [0x00000000a0000000, 0x00000000dd200000, 0x00000000e0000000)
  object space 1001472K, 81% used [0x00000000a0000000,0x00000000d21b9cb8,0x00000000dd200000)
 Metaspace       used 198237K, capacity 210098K, committed 224472K, reserved 1243136K
  class space    used 25511K, capacity 28373K, committed 30976K, reserved 1048576K
Event: 9019,628 GC heap after
Heap after GC invocations=98 (full 16):
 PSYoungGen      total 341504K, used 84462K [0x00000000e0000000, 0x00000000feb80000, 0x0000000100000000)
  eden space 182784K, 0% used [0x00000000e0000000,0x00000000e0000000,0x00000000eb280000)
  from space 158720K, 53% used [0x00000000f4b80000,0x00000000f9dfb8f8,0x00000000fe680000)
  to   space 156672K, 0% used [0x00000000eb280000,0x00000000eb280000,0x00000000f4b80000)
 ParOldGen       total 1001472K, used 820967K [0x00000000a0000000, 0x00000000dd200000, 0x00000000e0000000)
  object space 1001472K, 81% used [0x00000000a0000000,0x00000000d21b9cb8,0x00000000dd200000)
 Metaspace       used 198237K, capacity 210098K, committed 224472K, reserved 1243136K
  class space    used 25511K, capacity 28373K, committed 30976K, reserved 1048576K
}
Event: 9020,583 GC heap before
{Heap before GC invocations=99 (full 16):
 PSYoungGen      total 341504K, used 267246K [0x00000000e0000000, 0x00000000feb80000, 0x0000000100000000)
  eden space 182784K, 100% used [0x00000000e0000000,0x00000000eb280000,0x00000000eb280000)
  from space 158720K, 53% used [0x00000000f4b80000,0x00000000f9dfb8f8,0x00000000fe680000)
  to   space 156672K, 0% used [0x00000000eb280000,0x00000000eb280000,0x00000000f4b80000)
 ParOldGen       total 1001472K, used 820967K [0x00000000a0000000, 0x00000000dd200000, 0x00000000e0000000)
  object space 1001472K, 81% used [0x00000000a0000000,0x00000000d21b9cb8,0x00000000dd200000)
 Metaspace       used 209361K, capacity 221538K, committed 224472K, reserved 1243136K
  class space    used 26968K, capacity 29923K, committed 30976K, reserved 1048576K
Event: 9020,637 GC heap after
Heap after GC invocations=99 (full 16):
 PSYoungGen      total 339456K, used 146295K [0x00000000e0000000, 0x0000000100000000, 0x0000000100000000)
  eden space 182784K, 0% used [0x00000000e0000000,0x00000000e0000000,0x00000000eb280000)
  from space 156672K, 93% used [0x00000000eb280000,0x00000000f415df98,0x00000000f4b80000)
  to   space 174592K, 0% used [0x00000000f5580000,0x00000000f5580000,0x0000000100000000)
 ParOldGen       total 1001472K, used 820975K [0x00000000a0000000, 0x00000000dd200000, 0x00000000e0000000)
  object space 1001472K, 81% used [0x00000000a0000000,0x00000000d21bbcb8,0x00000000dd200000)
 Metaspace       used 209361K, capacity 221538K, committed 224472K, reserved 1243136K
  class space    used 26968K, capacity 29923K, committed 30976K, reserved 1048576K
}
Event: 9370,257 GC heap before
{Heap before GC invocations=100 (full 16):
 PSYoungGen      total 339456K, used 329079K [0x00000000e0000000, 0x0000000100000000, 0x0000000100000000)
  eden space 182784K, 100% used [0x00000000e0000000,0x00000000eb280000,0x00000000eb280000)
  from space 156672K, 93% used [0x00000000eb280000,0x00000000f415df98,0x00000000f4b80000)
  to   space 174592K, 0% used [0x00000000f5580000,0x00000000f5580000,0x0000000100000000)
 ParOldGen       total 1001472K, used 820975K [0x00000000a0000000, 0x00000000dd200000, 0x00000000e0000000)
  object space 1001472K, 81% used [0x00000000a0000000,0x00000000d21bbcb8,0x00000000dd200000)
 Metaspace       used 209460K, capacity 221676K, committed 224472K, reserved 1243136K
  class space    used 26981K, capacity 29966K, committed 30976K, reserved 1048576K
Event: 9370,331 GC heap after
Heap after GC invocations=100 (full 16):
 PSYoungGen      total 349696K, used 110773K [0x00000000e0000000, 0x0000000100000000, 0x0000000100000000)
  eden space 175104K, 0% used [0x00000000e0000000,0x00000000e0000000,0x00000000eab00000)
  from space 174592K, 63% used [0x00000000f5580000,0x00000000fc1ad658,0x0000000100000000)
  to   space 174592K, 0% used [0x00000000eab00000,0x00000000eab00000,0x00000000f5580000)
 ParOldGen       total 1001472K, used 877148K [0x00000000a0000000, 0x00000000dd200000, 0x00000000e0000000)
  object space 1001472K, 87% used [0x00000000a0000000,0x00000000d5897120,0x00000000dd200000)
 Metaspace       used 209460K, capacity 221676K, committed 224472K, reserved 1243136K
  class space    used 26981K, capacity 29966K, committed 30976K, reserved 1048576K
}
Event: 9370,331 GC heap before
{Heap before GC invocations=101 (full 17):
 PSYoungGen      total 349696K, used 110773K [0x00000000e0000000, 0x0000000100000000, 0x0000000100000000)
  eden space 175104K, 0% used [0x00000000e0000000,0x00000000e0000000,0x00000000eab00000)
  from space 174592K, 63% used [0x00000000f5580000,0x00000000fc1ad658,0x0000000100000000)
  to   space 174592K, 0% used [0x00000000eab00000,0x00000000eab00000,0x00000000f5580000)
 ParOldGen       total 1001472K, used 877148K [0x00000000a0000000, 0x00000000dd200000, 0x00000000e0000000)
  object space 1001472K, 87% used [0x00000000a0000000,0x00000000d5897120,0x00000000dd200000)
 Metaspace       used 209460K, capacity 221676K, committed 224472K, reserved 1243136K
  class space    used 26981K, capacity 29966K, committed 30976K, reserved 1048576K

